## 2012-09-08 20:17:55
## 2012-09-08 20:18:39
zzh8829 Login Success
## 2012-09-08 20:20:45
zzh8829 Login Success
## 2012-09-08 20:22:16
zzh8829 Login Success
## 2012-09-08 20:23:47
zzh8829 Login Success
## 2012-09-08 20:25:07
zzh8829 Login Success
## 2012-09-08 20:26:19
zzh8829 Login Success
http://tieba.baidu.com/p/1838278443
## 2012-09-08 20:27:22
zzh8829 Login Success
http://tieba.baidu.com/p/1838278443
http://tieba.baidu.com/p/1768384221
http://tieba.baidu.com/p/1848919126
## 2012-09-08 20:36:02
zzh8829 Login Success
http://tieba.baidu.com/p/1849225642
## 2012-09-08 20:40:50
zzh8829 Login Success
## 2012-09-08 20:41:35
zzh8829 Login Success
http://tieba.baidu.com/p/1849225642
http://tieba.baidu.com/p/1768384221
http://tieba.baidu.com/p/1849086095
http://tieba.baidu.com/p/1837123452
http://tieba.baidu.com/p/1848812247
## 2012-09-08 20:43:27
zzh8829 Login Success
http://tieba.baidu.com/p/1848948092
## 2012-09-08 20:45:04
zzh8829 Login Success
## 2012-09-08 20:45:48
zzh8829 Login Success
http://tieba.baidu.com/p/1849498970
http://tieba.baidu.com/p/1768384221
http://tieba.baidu.com/p/1849030854
http://tieba.baidu.com/p/1837123452
## 2012-09-08 20:50:27
zzh8829 Login Success
http://tieba.baidu.com/p/1848927733
## 2012-09-08 20:53:24
zzh8829 Login Success
http://tieba.baidu.com/p/1849488797
http://tieba.baidu.com/p/1698918209
http://tieba.baidu.com/p/1849267869
http://tieba.baidu.com/p/1403920550
http://tieba.baidu.com/p/1849387297
http://tieba.baidu.com/p/1843097383
http://tieba.baidu.com/p/1130451368
http://tieba.baidu.com/p/1848248583
## 2012-09-08 21:03:43
zzh8829 Login Success
http://tieba.baidu.com/p/1849498970
http://tieba.baidu.com/p/1732642363
## 2012-09-08 21:05:14
zzh8829 Login Success
http://tieba.baidu.com/p/1849488797
http://tieba.baidu.com/p/1849260445
http://tieba.baidu.com/p/1848975877
http://tieba.baidu.com/p/1849498970
## 2012-09-08 21:06:55
zzh8829 Login Success
http://tieba.baidu.com/p/1848927733
http://tieba.baidu.com/p/1849488797
## 2012-09-08 21:08:35
zzh8829 Login Success
## 2012-09-08 21:15:01
zzh8829 Login Success
http://tieba.baidu.com/p/1841457999
http://tieba.baidu.com/p/1846254766
http://tieba.baidu.com/p/1834257227
http://tieba.baidu.com/p/1078984344
http://tieba.baidu.com/p/1769446302
http://tieba.baidu.com/p/1843696929
http://tieba.baidu.com/p/1721472413
http://tieba.baidu.com/p/1843284020
## 2012-09-08 21:25:04
zzh8829 Login Success
http://tieba.baidu.com/p/1849488797
http://tieba.baidu.com/p/1849436228
## 2012-09-08 21:28:44
zzh8829 Login Success
http://tieba.baidu.com/p/1849488797
http://tieba.baidu.com/p/1847552801
http://tieba.baidu.com/p/1849436228
http://tieba.baidu.com/p/1849225642
http://tieba.baidu.com/p/1849156221
http://tieba.baidu.com/p/1848408208
http://tieba.baidu.com/p/1845324696
http://tieba.baidu.com/p/1849260445
http://tieba.baidu.com/p/1849139159
http://tieba.baidu.com/p/1848927733
http://tieba.baidu.com/p/1848975877
http://tieba.baidu.com/p/1849498970
http://tieba.baidu.com/p/1848976193
http://tieba.baidu.com/p/1848751918
http://tieba.baidu.com/p/1848948092
http://tieba.baidu.com/p/1848893037
http://tieba.baidu.com/p/1849416560
http://tieba.baidu.com/p/1847767408
http://tieba.baidu.com/p/1846849565
http://tieba.baidu.com/p/1849243689
http://tieba.baidu.com/p/1064089299
http://tieba.baidu.com/p/1847591414
http://tieba.baidu.com/p/1848613004
http://tieba.baidu.com/p/1847017777
http://tieba.baidu.com/p/1849245090
http://tieba.baidu.com/p/602439191
http://tieba.baidu.com/p/1849119816
http://tieba.baidu.com/p/1849190901
http://tieba.baidu.com/p/1842816397
http://tieba.baidu.com/p/1849143543
http://tieba.baidu.com/p/1848900663
http://tieba.baidu.com/p/1330961489
http://tieba.baidu.com/p/1849050676
http://tieba.baidu.com/p/1848973526
http://tieba.baidu.com/p/1848951150
http://tieba.baidu.com/p/1848136352
http://tieba.baidu.com/p/1848954452
http://tieba.baidu.com/p/1847309721
http://tieba.baidu.com/p/1847920697
http://tieba.baidu.com/p/1846637678
http://tieba.baidu.com/p/1848967989
http://tieba.baidu.com/p/1788858785
http://tieba.baidu.com/p/1847301277
http://tieba.baidu.com/p/1848856917
http://tieba.baidu.com/p/1848768299
http://tieba.baidu.com/p/1844441637
http://tieba.baidu.com/p/1826231182
http://tieba.baidu.com/p/1848756642
## 2012-09-08 21:49:57
zzh8829 Login Success
## 2012-09-08 21:50:17
zzh8829 Login Success
## 2012-09-08 21:50:52
zzh8829 Login Success
## 2012-09-08 21:51:16
zzh8829 Login Success
## 2012-09-08 21:52:09
zzh8829 Login Success
http://tieba.baidu.com/p/1849537559
http://tieba.baidu.com/p/1849589832
http://tieba.baidu.com/p/1848150863
http://tieba.baidu.com/p/1849557303
http://tieba.baidu.com/p/1849532316
http://tieba.baidu.com/p/1849605376
http://tieba.baidu.com/p/1849560466
http://tieba.baidu.com/p/1849511825
http://tieba.baidu.com/p/1845955003
http://tieba.baidu.com/p/1849603156
http://tieba.baidu.com/p/1849597837
http://tieba.baidu.com/p/1849544569
http://tieba.baidu.com/p/1849143557
http://tieba.baidu.com/p/1849601382
http://tieba.baidu.com/p/1849367289
http://tieba.baidu.com/p/1849493389
http://tieba.baidu.com/p/1849557538
http://tieba.baidu.com/p/1841012087
http://tieba.baidu.com/p/1843448756
http://tieba.baidu.com/p/1849596824
http://tieba.baidu.com/p/1849562861
http://tieba.baidu.com/p/1849419908
http://tieba.baidu.com/p/1849424614
http://tieba.baidu.com/p/1849538289
http://tieba.baidu.com/p/1849595253
http://tieba.baidu.com/p/1849489408
http://tieba.baidu.com/p/1849496026
http://tieba.baidu.com/p/1849605318
http://tieba.baidu.com/p/1849243519
http://tieba.baidu.com/p/1846525601
http://tieba.baidu.com/p/1849589575
http://tieba.baidu.com/p/1848280041
http://tieba.baidu.com/p/1849476245
http://tieba.baidu.com/p/1849587579
http://tieba.baidu.com/p/829486793
http://tieba.baidu.com/p/1849522161
http://tieba.baidu.com/p/1849375028
http://tieba.baidu.com/p/1848858973
http://tieba.baidu.com/p/1849576063
http://tieba.baidu.com/p/1848651246
http://tieba.baidu.com/p/1849479145
http://tieba.baidu.com/p/1847950927
http://tieba.baidu.com/p/1849558743
http://tieba.baidu.com/p/1849599570
http://tieba.baidu.com/p/1849408160
http://tieba.baidu.com/p/1849531891
http://tieba.baidu.com/p/1849544927
http://tieba.baidu.com/p/1849595624
## 2012-09-09 10:14:25
## 2012-09-09 10:18:45
zzh8829 Login Success
## 2012-09-09 10:19:13
zzh8829 Login Success
## 2012-09-09 10:19:43
zzh8829 Login Success
## 2012-09-09 10:21:54
zzh8829 Login Success
## 2012-09-09 10:25:00
## 2012-09-09 10:27:43
zzh8829 Login Success
## 2012-09-09 10:35:05
zzh8829 Login Success
## 2012-09-09 10:39:30
zzh8829 Login Success
self.tb_url
## 2012-09-09 10:40:00
zzh8829 Login Success
http://tieba.baidu.com/f?kw=%CC%F9%B0%C9%B2%E2%CA%D4
## 2012-09-09 10:46:47
## 2012-09-09 10:50:01
zzh8829 Login Success
## 2012-09-09 10:51:33
zzh8829 Login Success
## 2012-09-09 10:58:30
zzh8829 Login Success
http://tieba.baidu.com/p/1851072417
http://tieba.baidu.com/p/1851071684
http://tieba.baidu.com/p/1851071446
http://tieba.baidu.com/p/1851048962
http://tieba.baidu.com/p/1851047951
## 2012-09-09 11:04:27
zzh8829 Login Success
## 2012-09-09 11:06:21
zzh8829 Login Success
## 2012-09-09 11:16:55
zzh8829 Login Success
> Enter Tieba C++
Sign Failed (Already signed or System error)
> Enter Tieba C语言
Sign Failed (Already signed or System error)
> Enter Tieba java
## 2012-09-09 11:23:00
zzh8829 Login Success
> Enter Tieba 百度
Sign Failed (Already signed or System error)
> Enter Tieba C++
## 2012-09-09 11:25:07
zzh8829 Login Success
> Enter Tieba 百度
Sign Failed (Already signed or System error)
> Enter Tieba C++
Sign Failed (Already signed or System error)
> Enter Tieba C语言
## 2012-09-09 11:29:50
zzh8829 Login Success
> Enter Tieba 百度
## 2012-09-09 11:30:03
zzh8829 Login Success
> Enter Tieba 百度
Sign Failed (Already signed or System error)
> Enter Tieba C++
Sign Failed (Already signed or System error)
> Enter Tieba C语言
## 2012-09-09 11:30:24
zzh8829 Login Success
> Enter Tieba 百度
Sign Successed
You are No. 1916 
> Enter Tieba C++
Sign Failed (Already signed or System error)
> Enter Tieba C语言
Sign Failed (Already signed or System error)
> Enter Tieba java
## 2012-09-09 11:33:24
zzh8829 Login Success
> Enter Tieba C++
Sign Failed (Already signed or System error)
> Enter Tieba C语言
Sign Failed (Already signed or System error)
> Enter Tieba java
Sign Failed (Already signed or System error)
> Enter Tieba 李毅
## 2012-09-09 11:16:29
zzh8829 Login Success
## 2012-09-09 11:35:15
zzh8829 Login Success
## 2012-09-09 11:35:52
zzh8829 Login Success
> Enter Tieba 做实验
## 2012-09-09 11:36:47
zzh8829 Login Success
> Enter Tieba 做实验
## 2012-09-09 11:44:48
zzh8829 Login Success
> Enter Tieba 贴吧测试
## 2012-09-09 11:58:58
zzh8829 Login Success
> Enter Tieba 贴吧测试
## 2012-09-09 11:59:37
zzh8829 Login Success
> Enter Tieba 贴吧测试
## 2012-09-09 12:03:16
zzh8829 Login Success
> Enter Tieba C++
Sign Failed (Already signed or System error)
> Enter Tieba C语言
Sign Failed (Already signed or System error)
> Enter Tieba java
Sign Failed (Already signed or System error)
> Enter Tieba 李毅
## 2012-09-09 12:04:22
zzh8829 Login Success
> Enter Tieba C++
Sign Failed (Already signed or System error)
> Enter Tieba C语言
Sign Failed (Already signed or System error)
> Enter Tieba java
Sign Failed (Already signed or System error)
> Enter Tieba 李毅
Sign Failed (Already signed or System error)
> Enter Tieba 魔兽世界
Sign Failed (Already signed or System error)
> Enter Tieba python
Sign Successed
You are No. 5 
> Enter Tieba noip
Sign Successed
You are No. 8 
> Enter Tieba qt
Sign Failed (Already signed or System error)
